  main.cpp
C:\Users\User\OneDrive\Pulpit\template-project-2\kingdonkey\main.cpp(311,67): warning C4267: "argument": konwersja z "size_t" do "int", możliwa utrata danych
C:\Users\User\OneDrive\Pulpit\template-project-2\kingdonkey\main.cpp(310,2): warning C4996: 'sprintf': This function or variable may be unsafe. Consider using sprintf_s instead. To disable deprecation, use _CRT_SECURE_NO_WARNINGS. See online help for details.
C:\Users\User\OneDrive\Pulpit\template-project-2\kingdonkey\main.cpp(313,2): warning C4996: 'sprintf': This function or variable may be unsafe. Consider using sprintf_s instead. To disable deprecation, use _CRT_SECURE_NO_WARNINGS. See online help for details.
C:\Users\User\OneDrive\Pulpit\template-project-2\kingdonkey\main.cpp(316,2): warning C4996: 'sprintf': This function or variable may be unsafe. Consider using sprintf_s instead. To disable deprecation, use _CRT_SECURE_NO_WARNINGS. See online help for details.
C:\Users\User\OneDrive\Pulpit\template-project-2\kingdonkey\main.cpp(319,2): warning C4996: 'sprintf': This function or variable may be unsafe. Consider using sprintf_s instead. To disable deprecation, use _CRT_SECURE_NO_WARNINGS. See online help for details.
C:\Users\User\OneDrive\Pulpit\template-project-2\kingdonkey\main.cpp(322,2): warning C4996: 'sprintf': This function or variable may be unsafe. Consider using sprintf_s instead. To disable deprecation, use _CRT_SECURE_NO_WARNINGS. See online help for details.
C:\Users\User\OneDrive\Pulpit\template-project-2\kingdonkey\main.cpp(339,65): warning C4267: "argument": konwersja z "size_t" do "int", możliwa utrata danych
C:\Users\User\OneDrive\Pulpit\template-project-2\kingdonkey\main.cpp(338,2): warning C4996: 'sprintf': This function or variable may be unsafe. Consider using sprintf_s instead. To disable deprecation, use _CRT_SECURE_NO_WARNINGS. See online help for details.
C:\Users\User\OneDrive\Pulpit\template-project-2\kingdonkey\main.cpp(341,2): warning C4996: 'sprintf': This function or variable may be unsafe. Consider using sprintf_s instead. To disable deprecation, use _CRT_SECURE_NO_WARNINGS. See online help for details.
C:\Users\User\OneDrive\Pulpit\template-project-2\kingdonkey\main.cpp(344,2): warning C4996: 'sprintf': This function or variable may be unsafe. Consider using sprintf_s instead. To disable deprecation, use _CRT_SECURE_NO_WARNINGS. See online help for details.
C:\Users\User\OneDrive\Pulpit\template-project-2\kingdonkey\main.cpp(403,67): warning C4244: "argument": konwersja z "double" do "int", możliwa utrata danych
C:\Users\User\OneDrive\Pulpit\template-project-2\kingdonkey\main.cpp(403,51): warning C4244: "argument": konwersja z "double" do "int", możliwa utrata danych
C:\Users\User\OneDrive\Pulpit\template-project-2\kingdonkey\main.cpp(407,67): warning C4244: "argument": konwersja z "double" do "int", możliwa utrata danych
C:\Users\User\OneDrive\Pulpit\template-project-2\kingdonkey\main.cpp(407,51): warning C4244: "argument": konwersja z "double" do "int", możliwa utrata danych
C:\Users\User\OneDrive\Pulpit\template-project-2\kingdonkey\main.cpp(409,66): warning C4244: "argument": konwersja z "double" do "int", możliwa utrata danych
C:\Users\User\OneDrive\Pulpit\template-project-2\kingdonkey\main.cpp(409,49): warning C4244: "argument": konwersja z "double" do "int", możliwa utrata danych
C:\Users\User\OneDrive\Pulpit\template-project-2\kingdonkey\main.cpp(467,9): warning C4244: "inicjowanie": konwersja z "double" do "int", możliwa utrata danych
C:\Users\User\OneDrive\Pulpit\template-project-2\kingdonkey\main.cpp(468,9): warning C4244: "inicjowanie": konwersja z "double" do "int", możliwa utrata danych
C:\Users\User\OneDrive\Pulpit\template-project-2\kingdonkey\main.cpp(469,9): warning C4244: "inicjowanie": konwersja z "double" do "int", możliwa utrata danych
C:\Users\User\OneDrive\Pulpit\template-project-2\kingdonkey\main.cpp(470,9): warning C4244: "inicjowanie": konwersja z "double" do "int", możliwa utrata danych
C:\Users\User\OneDrive\Pulpit\template-project-2\kingdonkey\main.cpp(555,41): warning C4244: "argument": konwersja z "double" do "int", możliwa utrata danych
C:\Users\User\OneDrive\Pulpit\template-project-2\kingdonkey\main.cpp(555,25): warning C4244: "argument": konwersja z "double" do "int", możliwa utrata danych
C:\Users\User\OneDrive\Pulpit\template-project-2\kingdonkey\main.cpp(567,61): warning C4244: "argument": konwersja z "double" do "int", możliwa utrata danych
C:\Users\User\OneDrive\Pulpit\template-project-2\kingdonkey\main.cpp(567,45): warning C4244: "argument": konwersja z "double" do "int", możliwa utrata danych
C:\Users\User\OneDrive\Pulpit\template-project-2\kingdonkey\main.cpp(573,12): warning C4244: "=": konwersja z "double" do "int", możliwa utrata danych
C:\Users\User\OneDrive\Pulpit\template-project-2\kingdonkey\main.cpp(579,12): warning C4244: "=": konwersja z "double" do "int", możliwa utrata danych
C:\Users\User\OneDrive\Pulpit\template-project-2\kingdonkey\main.cpp(595,42): warning C4244: "argument": konwersja z "double" do "int", możliwa utrata danych
C:\Users\User\OneDrive\Pulpit\template-project-2\kingdonkey\main.cpp(595,26): warning C4244: "argument": konwersja z "double" do "int", możliwa utrata danych
C:\Users\User\OneDrive\Pulpit\template-project-2\kingdonkey\main.cpp(597,13): warning C4244: "=": konwersja z "double" do "int", możliwa utrata danych
C:\Users\User\OneDrive\Pulpit\template-project-2\kingdonkey\main.cpp(605,42): warning C4244: "argument": konwersja z "double" do "int", możliwa utrata danych
C:\Users\User\OneDrive\Pulpit\template-project-2\kingdonkey\main.cpp(605,26): warning C4244: "argument": konwersja z "double" do "int", możliwa utrata danych
C:\Users\User\OneDrive\Pulpit\template-project-2\kingdonkey\main.cpp(607,13): warning C4244: "=": konwersja z "double" do "int", możliwa utrata danych
C:\Users\User\OneDrive\Pulpit\template-project-2\kingdonkey\main.cpp(617,13): warning C4244: "=": konwersja z "double" do "int", możliwa utrata danych
C:\Users\User\OneDrive\Pulpit\template-project-2\kingdonkey\main.cpp(625,13): warning C4244: "=": konwersja z "double" do "int", możliwa utrata danych
C:\Users\User\OneDrive\Pulpit\template-project-2\kingdonkey\main.cpp(634,59): warning C4244: "argument": konwersja z "double" do "int", możliwa utrata danych
C:\Users\User\OneDrive\Pulpit\template-project-2\kingdonkey\main.cpp(634,43): warning C4244: "argument": konwersja z "double" do "int", możliwa utrata danych
C:\Users\User\OneDrive\Pulpit\template-project-2\kingdonkey\main.cpp(660,12): warning C4244: "=": konwersja z "double" do "int", możliwa utrata danych
C:\Users\User\OneDrive\Pulpit\template-project-2\kingdonkey\main.cpp(668,12): warning C4244: "=": konwersja z "double" do "int", możliwa utrata danych
C:\Users\User\OneDrive\Pulpit\template-project-2\kingdonkey\main.cpp(679,42): warning C4244: "argument": konwersja z "double" do "int", możliwa utrata danych
C:\Users\User\OneDrive\Pulpit\template-project-2\kingdonkey\main.cpp(679,25): warning C4244: "argument": konwersja z "double" do "int", możliwa utrata danych
  szablon2vs19.vcxproj -> C:\Users\User\OneDrive\Pulpit\template-project-2\kingdonkey\x64\Debug\szablon2vs19.exe
